This is pdfTeX, Version 3.14159265-2.6-1.40.21 (MiKTeX 2.9.7300 64-bit) (preloaded format=pdflatex 2020.3.5)  5 MAR 2020 14:40
entering extended mode
**./sprawozdanie_szablon.tex
(sprawozdanie_szablon.tex
LaTeX2e <2020-02-02> patch level 5
L3 programming layer <2020-03-03>
("C:\Users\Nitrox\AppData\Local\Programs\MiKTeX 2.9\tex/latex/mwcls\mwrep.cls"
Document Class: mwrep 2017/05/13 v0.75 A LaTeX document class (MW)
*** Beta version. Formatting may change
*** in future versions of this class.
("C:\Users\Nitrox\AppData\Local\Programs\MiKTeX 2.9\tex/latex/mwcls\mw11.clo"
File: mw11.clo 2017/05/13 v0.75 A document class size option (MW)
)
\@parindent=\dimen134
\c@part=\count167
\c@chapter=\count168
\c@section=\count169
\c@subsection=\count170
\c@subsubsection=\count171
\c@paragraph=\count172
\c@subparagraph=\count173
\c@figure=\count174
\c@table=\count175
\abovecaptionskip=\skip47
\belowcaptionskip=\skip48
\bibindent=\dimen135
)
("C:\Users\Nitrox\AppData\Local\Programs\MiKTeX 2.9\tex/latex/geometry\geometry
.sty"
Package: geometry 2020/01/02 v5.9 Page Geometry

("C:\Users\Nitrox\AppData\Local\Programs\MiKTeX 2.9\tex/latex/graphics\keyval.s
ty"
Package: keyval 2014/10/28 v1.15 key=value parser (DPC)
\KV@toks@=\toks15
)
("C:\Users\Nitrox\AppData\Local\Programs\MiKTeX 2.9\tex/generic/iftex\ifvtex.st
y"
Package: ifvtex 2019/10/25 v1.7 ifvtex legacy package. Use iftex instead.

("C:\Users\Nitrox\AppData\Local\Programs\MiKTeX 2.9\tex/generic/iftex\iftex.sty
"
Package: iftex 2019/11/07 v1.0c TeX engine tests
))
\Gm@cnth=\count176
\Gm@cntv=\count177
\c@Gm@tempcnt=\count178
\Gm@bindingoffset=\dimen136
\Gm@wd@mp=\dimen137
\Gm@odd@mp=\dimen138
\Gm@even@mp=\dimen139
\Gm@layoutwidth=\dimen140
\Gm@layoutheight=\dimen141
\Gm@layouthoffset=\dimen142
\Gm@layoutvoffset=\dimen143
\Gm@dimlist=\toks16

("C:\Users\Nitrox\AppData\Local\Programs\MiKTeX 2.9\tex/latex/geometry\geometry
.cfg"))
("C:\Users\Nitrox\AppData\Local\Programs\MiKTeX 2.9\tex/latex/base\fontenc.sty"
Package: fontenc 2020/02/11 v2.0o Standard LaTeX package
)
("C:\Users\Nitrox\AppData\Local\Programs\MiKTeX 2.9\tex/latex/polski\polski.sty
"
Package: polski 2017/05/04 v1.3.4 Polish language package

   Switching to Polish text encoding and Polish maths fonts.
("C:\Users\Nitrox\AppData\Local\Programs\MiKTeX 2.9\tex/latex/base\ot4enc.def"
File: ot4enc.def 2020/02/11 v2.0o Standard LaTeX file
Now handling font encoding OT4 ...
... no UTF-8 mapping file for font encoding OT4
)
LaTeX Font Info:    Trying to load font information for OT4+cmr on input line 3
60.
("C:\Users\Nitrox\AppData\Local\Programs\MiKTeX 2.9\tex/latex/polski\ot4cmr.fd"
File: ot4cmr.fd 2008/02/24 v1.2.1 Font defs for fonts PL (MW)
)
LaTeX Font Info:    Overwriting math alphabet `\mathbf' in version `normal'
(Font)                  OT1/cmr/bx/n --> OT4/cmr/bx/n on input line 360.
LaTeX Font Info:    Overwriting math alphabet `\mathsf' in version `normal'
(Font)                  OT1/cmss/m/n --> OT4/cmss/m/n on input line 360.
LaTeX Font Info:    Overwriting math alphabet `\mathit' in version `normal'
(Font)                  OT1/cmr/m/it --> OT4/cmr/m/it on input line 360.
LaTeX Font Info:    Overwriting math alphabet `\mathtt' in version `normal'
(Font)                  OT1/cmtt/m/n --> OT4/cmtt/m/n on input line 360.
LaTeX Font Info:    Overwriting math alphabet `\mathsf' in version `bold'
(Font)                  OT1/cmss/bx/n --> OT4/cmss/bx/n on input line 360.
LaTeX Font Info:    Overwriting math alphabet `\mathit' in version `bold'
(Font)                  OT1/cmr/bx/it --> OT4/cmr/bx/it on input line 360.
LaTeX Font Info:    Encoding `OT1' has changed to `OT4' for symbol font
(Font)              `operators' in the math version `normal' on input line 360.

LaTeX Font Info:    Overwriting symbol font `operators' in version `normal'
(Font)                  OT1/cmr/m/n --> OT4/cmr/m/n on input line 360.
LaTeX Font Info:    Overwriting symbol font `letters' in version `normal'
(Font)                  OML/cmm/m/it --> OML/plm/m/it on input line 360.
LaTeX Font Info:    Overwriting symbol font `symbols' in version `normal'
(Font)                  OMS/cmsy/m/n --> OMS/plsy/m/n on input line 360.
LaTeX Font Info:    Overwriting symbol font `largesymbols' in version `normal'
(Font)                  OMX/cmex/m/n --> OMX/plex/m/n on input line 360.
LaTeX Font Info:    Encoding `OT1' has changed to `OT4' for symbol font
(Font)              `operators' in the math version `bold' on input line 360.
LaTeX Font Info:    Overwriting symbol font `operators' in version `bold'
(Font)                  OT1/cmr/bx/n --> OT4/cmr/bx/n on input line 360.
LaTeX Font Info:    Overwriting symbol font `letters' in version `bold'
(Font)                  OML/cmm/b/it --> OML/plm/b/it on input line 360.
LaTeX Font Info:    Overwriting symbol font `symbols' in version `bold'
(Font)                  OMS/cmsy/b/n --> OMS/plsy/b/n on input line 360.
)
("C:\Users\Nitrox\AppData\Local\Programs\MiKTeX 2.9\tex/latex/amsmath\amsmath.s
ty"
Package: amsmath 2020/01/20 v2.17e AMS math features
\@mathmargin=\skip49

For additional information on amsmath, use the `?' option.

("C:\Users\Nitrox\AppData\Local\Programs\MiKTeX 2.9\tex/latex/amsmath\amstext.s
ty"
Package: amstext 2000/06/29 v2.01 AMS text

("C:\Users\Nitrox\AppData\Local\Programs\MiKTeX 2.9\tex/latex/amsmath\amsgen.st
y"
File: amsgen.sty 1999/11/30 v2.0 generic functions
\@emptytoks=\toks17
\ex@=\dimen144
))
("C:\Users\Nitrox\AppData\Local\Programs\MiKTeX 2.9\tex/latex/amsmath\amsbsy.st
y"
Package: amsbsy 1999/11/29 v1.2d Bold Symbols
\pmbraise@=\dimen145
)
("C:\Users\Nitrox\AppData\Local\Programs\MiKTeX 2.9\tex/latex/amsmath\amsopn.st
y"
Package: amsopn 2016/03/08 v2.02 operator names
)
\inf@bad=\count179
LaTeX Info: Redefining \frac on input line 227.
\uproot@=\count180
\leftroot@=\count181
LaTeX Info: Redefining \overline on input line 389.
\classnum@=\count182
\DOTSCASE@=\count183
LaTeX Info: Redefining \ldots on input line 486.
LaTeX Info: Redefining \dots on input line 489.
LaTeX Info: Redefining \cdots on input line 610.
\Mathstrutbox@=\box45
\strutbox@=\box46
\big@size=\dimen146
LaTeX Font Info:    Redeclaring font encoding OML on input line 733.
LaTeX Font Info:    Redeclaring font encoding OMS on input line 734.
\macc@depth=\count184
\c@MaxMatrixCols=\count185
\dotsspace@=\muskip16
\c@parentequation=\count186
\dspbrk@lvl=\count187
\tag@help=\toks18
\row@=\count188
\column@=\count189
\maxfields@=\count190
\andhelp@=\toks19
\eqnshift@=\dimen147
\alignsep@=\dimen148
\tagshift@=\dimen149
\tagwidth@=\dimen150
\totwidth@=\dimen151
\lineht@=\dimen152
\@envbody=\toks20
\multlinegap=\skip50
\multlinetaggap=\skip51
\mathdisplay@stack=\toks21
LaTeX Info: Redefining \[ on input line 2859.
LaTeX Info: Redefining \] on input line 2860.
)
("C:\Users\Nitrox\AppData\Local\Programs\MiKTeX 2.9\tex/latex/amsfonts\amsfonts
.sty"
Package: amsfonts 2013/01/14 v3.01 Basic AMSFonts support
\symAMSa=\mathgroup4
\symAMSb=\mathgroup5
LaTeX Font Info:    Redeclaring math symbol \hbar on input line 98.
LaTeX Font Info:    Overwriting math alphabet `\mathfrak' in version `bold'
(Font)                  U/euf/m/n --> U/euf/b/n on input line 106.
)
("C:\Users\Nitrox\AppData\Local\Programs\MiKTeX 2.9\tex/latex/amsfonts\amssymb.
sty"
Package: amssymb 2013/01/14 v3.01 AMS font symbols
)
("C:\Users\Nitrox\AppData\Local\Programs\MiKTeX 2.9\tex/latex/graphics\graphicx
.sty"
Package: graphicx 2019/11/30 v1.2a Enhanced LaTeX Graphics (DPC,SPQR)

("C:\Users\Nitrox\AppData\Local\Programs\MiKTeX 2.9\tex/latex/graphics\graphics
.sty"
Package: graphics 2019/11/30 v1.4a Standard LaTeX Graphics (DPC,SPQR)

("C:\Users\Nitrox\AppData\Local\Programs\MiKTeX 2.9\tex/latex/graphics\trig.sty
"
Package: trig 2016/01/03 v1.10 sin cos tan (DPC)
)
("C:\Users\Nitrox\AppData\Local\Programs\MiKTeX 2.9\tex/latex/graphics-cfg\grap
hics.cfg"
File: graphics.cfg 2016/06/04 v1.11 sample graphics configuration
)
Package graphics Info: Driver file: pdftex.def on input line 105.

("C:\Users\Nitrox\AppData\Local\Programs\MiKTeX 2.9\tex/latex/graphics-def\pdft
ex.def"
File: pdftex.def 2018/01/08 v1.0l Graphics/color driver for pdftex
))
\Gin@req@height=\dimen153
\Gin@req@width=\dimen154
)
("C:\Users\Nitrox\AppData\Local\Programs\MiKTeX 2.9\tex/latex/url\url.sty"
\Urlmuskip=\muskip17
Package: url 2013/09/16  ver 3.4  Verb mode for urls, etc.
)
("C:\Users\Nitrox\AppData\Local\Programs\MiKTeX 2.9\tex/latex/pgf/frontendlayer
\tikz.sty"
("C:\Users\Nitrox\AppData\Local\Programs\MiKTeX 2.9\tex/latex/pgf/basiclayer\pg
f.sty"
("C:\Users\Nitrox\AppData\Local\Programs\MiKTeX 2.9\tex/latex/pgf/utilities\pgf
rcs.sty"
("C:\Users\Nitrox\AppData\Local\Programs\MiKTeX 2.9\tex/generic/pgf/utilities\p
gfutil-common.tex"
\pgfutil@everybye=\toks22
\pgfutil@tempdima=\dimen155
\pgfutil@tempdimb=\dimen156

("C:\Users\Nitrox\AppData\Local\Programs\MiKTeX 2.9\tex/generic/pgf/utilities\p
gfutil-common-lists.tex"))
("C:\Users\Nitrox\AppData\Local\Programs\MiKTeX 2.9\tex/generic/pgf/utilities\p
gfutil-latex.def"
\pgfutil@abb=\box47

("C:\Users\Nitrox\AppData\Local\Programs\MiKTeX 2.9\tex/latex/ms\everyshi.sty"
Package: everyshi 2001/05/15 v3.00 EveryShipout Package (MS)
))
("C:\Users\Nitrox\AppData\Local\Programs\MiKTeX 2.9\tex/generic/pgf/utilities\p
gfrcs.code.tex"
("C:\Users\Nitrox\AppData\Local\Programs\MiKTeX 2.9\tex/generic/pgf\pgf.revisio
n.tex")
Package: pgfrcs 2020/01/08 v3.1.5b (3.1.5b)
))
Package: pgf 2020/01/08 v3.1.5b (3.1.5b)

("C:\Users\Nitrox\AppData\Local\Programs\MiKTeX 2.9\tex/latex/pgf/basiclayer\pg
fcore.sty"
("C:\Users\Nitrox\AppData\Local\Programs\MiKTeX 2.9\tex/latex/pgf/systemlayer\p
gfsys.sty"
("C:\Users\Nitrox\AppData\Local\Programs\MiKTeX 2.9\tex/generic/pgf/systemlayer
\pgfsys.code.tex"
Package: pgfsys 2020/01/08 v3.1.5b (3.1.5b)

("C:\Users\Nitrox\AppData\Local\Programs\MiKTeX 2.9\tex/generic/pgf/utilities\p
gfkeys.code.tex"
\pgfkeys@pathtoks=\toks23
\pgfkeys@temptoks=\toks24

("C:\Users\Nitrox\AppData\Local\Programs\MiKTeX 2.9\tex/generic/pgf/utilities\p
gfkeysfiltered.code.tex"
\pgfkeys@tmptoks=\toks25
))
\pgf@x=\dimen157
\pgf@y=\dimen158
\pgf@xa=\dimen159
\pgf@ya=\dimen160
\pgf@xb=\dimen161
\pgf@yb=\dimen162
\pgf@xc=\dimen163
\pgf@yc=\dimen164
\pgf@xd=\dimen165
\pgf@yd=\dimen166
\w@pgf@writea=\write3
\r@pgf@reada=\read2
\c@pgf@counta=\count191
\c@pgf@countb=\count192
\c@pgf@countc=\count193
\c@pgf@countd=\count194
\t@pgf@toka=\toks26
\t@pgf@tokb=\toks27
\t@pgf@tokc=\toks28
\pgf@sys@id@count=\count195

("C:\Users\Nitrox\AppData\Local\Programs\MiKTeX 2.9\tex/generic/pgf/systemlayer
\pgf.cfg"
File: pgf.cfg 2020/01/08 v3.1.5b (3.1.5b)
)
Driver file for pgf: pgfsys-pdftex.def

("C:\Users\Nitrox\AppData\Local\Programs\MiKTeX 2.9\tex/generic/pgf/systemlayer
\pgfsys-pdftex.def"
File: pgfsys-pdftex.def 2020/01/08 v3.1.5b (3.1.5b)

("C:\Users\Nitrox\AppData\Local\Programs\MiKTeX 2.9\tex/generic/pgf/systemlayer
\pgfsys-common-pdf.def"
File: pgfsys-common-pdf.def 2020/01/08 v3.1.5b (3.1.5b)
)))
("C:\Users\Nitrox\AppData\Local\Programs\MiKTeX 2.9\tex/generic/pgf/systemlayer
\pgfsyssoftpath.code.tex"
File: pgfsyssoftpath.code.tex 2020/01/08 v3.1.5b (3.1.5b)
\pgfsyssoftpath@smallbuffer@items=\count196
\pgfsyssoftpath@bigbuffer@items=\count197
)
("C:\Users\Nitrox\AppData\Local\Programs\MiKTeX 2.9\tex/generic/pgf/systemlayer
\pgfsysprotocol.code.tex"
File: pgfsysprotocol.code.tex 2020/01/08 v3.1.5b (3.1.5b)
))
("C:\Users\Nitrox\AppData\Local\Programs\MiKTeX 2.9\tex/latex/xcolor\xcolor.sty
"
Package: xcolor 2016/05/11 v2.12 LaTeX color extensions (UK)

("C:\Users\Nitrox\AppData\Local\Programs\MiKTeX 2.9\tex/latex/graphics-cfg\colo
r.cfg"
File: color.cfg 2016/01/02 v1.6 sample color configuration
)
Package xcolor Info: Driver file: pdftex.def on input line 225.
Package xcolor Info: Model `cmy' substituted by `cmy0' on input line 1348.
Package xcolor Info: Model `hsb' substituted by `rgb' on input line 1352.
Package xcolor Info: Model `RGB' extended on input line 1364.
Package xcolor Info: Model `HTML' substituted by `rgb' on input line 1366.
Package xcolor Info: Model `Hsb' substituted by `hsb' on input line 1367.
Package xcolor Info: Model `tHsb' substituted by `hsb' on input line 1368.
Package xcolor Info: Model `HSB' substituted by `hsb' on input line 1369.
Package xcolor Info: Model `Gray' substituted by `gray' on input line 1370.
Package xcolor Info: Model `wave' substituted by `hsb' on input line 1371.
)
("C:\Users\Nitrox\AppData\Local\Programs\MiKTeX 2.9\tex/generic/pgf/basiclayer\
pgfcore.code.tex"
Package: pgfcore 2020/01/08 v3.1.5b (3.1.5b)

("C:\Users\Nitrox\AppData\Local\Programs\MiKTeX 2.9\tex/generic/pgf/math\pgfmat
h.code.tex"
("C:\Users\Nitrox\AppData\Local\Programs\MiKTeX 2.9\tex/generic/pgf/math\pgfmat
hcalc.code.tex"
("C:\Users\Nitrox\AppData\Local\Programs\MiKTeX 2.9\tex/generic/pgf/math\pgfmat
hutil.code.tex")
("C:\Users\Nitrox\AppData\Local\Programs\MiKTeX 2.9\tex/generic/pgf/math\pgfmat
hparser.code.tex"
\pgfmath@dimen=\dimen167
\pgfmath@count=\count198
\pgfmath@box=\box48
\pgfmath@toks=\toks29
\pgfmath@stack@operand=\toks30
\pgfmath@stack@operation=\toks31
)
("C:\Users\Nitrox\AppData\Local\Programs\MiKTeX 2.9\tex/generic/pgf/math\pgfmat
hfunctions.code.tex"
("C:\Users\Nitrox\AppData\Local\Programs\MiKTeX 2.9\tex/generic/pgf/math\pgfmat
hfunctions.basic.code.tex")
("C:\Users\Nitrox\AppData\Local\Programs\MiKTeX 2.9\tex/generic/pgf/math\pgfmat
hfunctions.trigonometric.code.tex")
("C:\Users\Nitrox\AppData\Local\Programs\MiKTeX 2.9\tex/generic/pgf/math\pgfmat
hfunctions.random.code.tex")
("C:\Users\Nitrox\AppData\Local\Programs\MiKTeX 2.9\tex/generic/pgf/math\pgfmat
hfunctions.comparison.code.tex")
("C:\Users\Nitrox\AppData\Local\Programs\MiKTeX 2.9\tex/generic/pgf/math\pgfmat
hfunctions.base.code.tex")
("C:\Users\Nitrox\AppData\Local\Programs\MiKTeX 2.9\tex/generic/pgf/math\pgfmat
hfunctions.round.code.tex")
("C:\Users\Nitrox\AppData\Local\Programs\MiKTeX 2.9\tex/generic/pgf/math\pgfmat
hfunctions.misc.code.tex")
("C:\Users\Nitrox\AppData\Local\Programs\MiKTeX 2.9\tex/generic/pgf/math\pgfmat
hfunctions.integerarithmetics.code.tex")))
("C:\Users\Nitrox\AppData\Local\Programs\MiKTeX 2.9\tex/generic/pgf/math\pgfmat
hfloat.code.tex"
\c@pgfmathroundto@lastzeros=\count199
))
("C:\Users\Nitrox\AppData\Local\Programs\MiKTeX 2.9\tex/generic/pgf/math\pgfint
.code.tex")
("C:\Users\Nitrox\AppData\Local\Programs\MiKTeX 2.9\tex/generic/pgf/basiclayer\
pgfcorepoints.code.tex"
File: pgfcorepoints.code.tex 2020/01/08 v3.1.5b (3.1.5b)
\pgf@picminx=\dimen168
\pgf@picmaxx=\dimen169
\pgf@picminy=\dimen170
\pgf@picmaxy=\dimen171
\pgf@pathminx=\dimen172
\pgf@pathmaxx=\dimen173
\pgf@pathminy=\dimen174
\pgf@pathmaxy=\dimen175
\pgf@xx=\dimen176
\pgf@xy=\dimen177
\pgf@yx=\dimen178
\pgf@yy=\dimen179
\pgf@zx=\dimen180
\pgf@zy=\dimen181
)
("C:\Users\Nitrox\AppData\Local\Programs\MiKTeX 2.9\tex/generic/pgf/basiclayer\
pgfcorepathconstruct.code.tex"
File: pgfcorepathconstruct.code.tex 2020/01/08 v3.1.5b (3.1.5b)
\pgf@path@lastx=\dimen182
\pgf@path@lasty=\dimen183
)
("C:\Users\Nitrox\AppData\Local\Programs\MiKTeX 2.9\tex/generic/pgf/basiclayer\
pgfcorepathusage.code.tex"
File: pgfcorepathusage.code.tex 2020/01/08 v3.1.5b (3.1.5b)
\pgf@shorten@end@additional=\dimen184
\pgf@shorten@start@additional=\dimen185
)
("C:\Users\Nitrox\AppData\Local\Programs\MiKTeX 2.9\tex/generic/pgf/basiclayer\
pgfcorescopes.code.tex"
File: pgfcorescopes.code.tex 2020/01/08 v3.1.5b (3.1.5b)
\pgfpic=\box49
\pgf@hbox=\box50
\pgf@layerbox@main=\box51
\pgf@picture@serial@count=\count266
)
("C:\Users\Nitrox\AppData\Local\Programs\MiKTeX 2.9\tex/generic/pgf/basiclayer\
pgfcoregraphicstate.code.tex"
File: pgfcoregraphicstate.code.tex 2020/01/08 v3.1.5b (3.1.5b)
\pgflinewidth=\dimen186
)
("C:\Users\Nitrox\AppData\Local\Programs\MiKTeX 2.9\tex/generic/pgf/basiclayer\
pgfcoretransformations.code.tex"
File: pgfcoretransformations.code.tex 2020/01/08 v3.1.5b (3.1.5b)
\pgf@pt@x=\dimen187
\pgf@pt@y=\dimen188
\pgf@pt@temp=\dimen189
)
("C:\Users\Nitrox\AppData\Local\Programs\MiKTeX 2.9\tex/generic/pgf/basiclayer\
pgfcorequick.code.tex"
File: pgfcorequick.code.tex 2020/01/08 v3.1.5b (3.1.5b)
)
("C:\Users\Nitrox\AppData\Local\Programs\MiKTeX 2.9\tex/generic/pgf/basiclayer\
pgfcoreobjects.code.tex"
File: pgfcoreobjects.code.tex 2020/01/08 v3.1.5b (3.1.5b)
)
("C:\Users\Nitrox\AppData\Local\Programs\MiKTeX 2.9\tex/generic/pgf/basiclayer\
pgfcorepathprocessing.code.tex"
File: pgfcorepathprocessing.code.tex 2020/01/08 v3.1.5b (3.1.5b)
)
("C:\Users\Nitrox\AppData\Local\Programs\MiKTeX 2.9\tex/generic/pgf/basiclayer\
pgfcorearrows.code.tex"
File: pgfcorearrows.code.tex 2020/01/08 v3.1.5b (3.1.5b)
\pgfarrowsep=\dimen190
)
("C:\Users\Nitrox\AppData\Local\Programs\MiKTeX 2.9\tex/generic/pgf/basiclayer\
pgfcoreshade.code.tex"
File: pgfcoreshade.code.tex 2020/01/08 v3.1.5b (3.1.5b)
\pgf@max=\dimen191
\pgf@sys@shading@range@num=\count267
\pgf@shadingcount=\count268
)
("C:\Users\Nitrox\AppData\Local\Programs\MiKTeX 2.9\tex/generic/pgf/basiclayer\
pgfcoreimage.code.tex"
File: pgfcoreimage.code.tex 2020/01/08 v3.1.5b (3.1.5b)

("C:\Users\Nitrox\AppData\Local\Programs\MiKTeX 2.9\tex/generic/pgf/basiclayer\
pgfcoreexternal.code.tex"
File: pgfcoreexternal.code.tex 2020/01/08 v3.1.5b (3.1.5b)
\pgfexternal@startupbox=\box52
))
("C:\Users\Nitrox\AppData\Local\Programs\MiKTeX 2.9\tex/generic/pgf/basiclayer\
pgfcorelayers.code.tex"
File: pgfcorelayers.code.tex 2020/01/08 v3.1.5b (3.1.5b)
)
("C:\Users\Nitrox\AppData\Local\Programs\MiKTeX 2.9\tex/generic/pgf/basiclayer\
pgfcoretransparency.code.tex"
File: pgfcoretransparency.code.tex 2020/01/08 v3.1.5b (3.1.5b)
)
("C:\Users\Nitrox\AppData\Local\Programs\MiKTeX 2.9\tex/generic/pgf/basiclayer\
pgfcorepatterns.code.tex"
File: pgfcorepatterns.code.tex 2020/01/08 v3.1.5b (3.1.5b)
)
("C:\Users\Nitrox\AppData\Local\Programs\MiKTeX 2.9\tex/generic/pgf/basiclayer\
pgfcorerdf.code.tex"
File: pgfcorerdf.code.tex 2020/01/08 v3.1.5b (3.1.5b)
)))
("C:\Users\Nitrox\AppData\Local\Programs\MiKTeX 2.9\tex/generic/pgf/modules\pgf
moduleshapes.code.tex"
File: pgfmoduleshapes.code.tex 2020/01/08 v3.1.5b (3.1.5b)
\pgfnodeparttextbox=\box53
)
("C:\Users\Nitrox\AppData\Local\Programs\MiKTeX 2.9\tex/generic/pgf/modules\pgf
moduleplot.code.tex"
File: pgfmoduleplot.code.tex 2020/01/08 v3.1.5b (3.1.5b)
)
("C:\Users\Nitrox\AppData\Local\Programs\MiKTeX 2.9\tex/latex/pgf/compatibility
\pgfcomp-version-0-65.sty"
Package: pgfcomp-version-0-65 2020/01/08 v3.1.5b (3.1.5b)
\pgf@nodesepstart=\dimen192
\pgf@nodesepend=\dimen193
)
("C:\Users\Nitrox\AppData\Local\Programs\MiKTeX 2.9\tex/latex/pgf/compatibility
\pgfcomp-version-1-18.sty"
Package: pgfcomp-version-1-18 2020/01/08 v3.1.5b (3.1.5b)
))
("C:\Users\Nitrox\AppData\Local\Programs\MiKTeX 2.9\tex/latex/pgf/utilities\pgf
for.sty"
("C:\Users\Nitrox\AppData\Local\Programs\MiKTeX 2.9\tex/latex/pgf/utilities\pgf
keys.sty"
("C:\Users\Nitrox\AppData\Local\Programs\MiKTeX 2.9\tex/generic/pgf/utilities\p
gfkeys.code.tex"))
("C:\Users\Nitrox\AppData\Local\Programs\MiKTeX 2.9\tex/latex/pgf/math\pgfmath.
sty"
("C:\Users\Nitrox\AppData\Local\Programs\MiKTeX 2.9\tex/generic/pgf/math\pgfmat
h.code.tex"))
("C:\Users\Nitrox\AppData\Local\Programs\MiKTeX 2.9\tex/generic/pgf/utilities\p
gffor.code.tex"
Package: pgffor 2020/01/08 v3.1.5b (3.1.5b)

("C:\Users\Nitrox\AppData\Local\Programs\MiKTeX 2.9\tex/generic/pgf/math\pgfmat
h.code.tex")
\pgffor@iter=\dimen194
\pgffor@skip=\dimen195
\pgffor@stack=\toks32
\pgffor@toks=\toks33
))
("C:\Users\Nitrox\AppData\Local\Programs\MiKTeX 2.9\tex/generic/pgf/frontendlay
er/tikz\tikz.code.tex"
Package: tikz 2020/01/08 v3.1.5b (3.1.5b)

("C:\Users\Nitrox\AppData\Local\Programs\MiKTeX 2.9\tex/generic/pgf/libraries\p
gflibraryplothandlers.code.tex"
File: pgflibraryplothandlers.code.tex 2020/01/08 v3.1.5b (3.1.5b)
\pgf@plot@mark@count=\count269
\pgfplotmarksize=\dimen196
)
\tikz@lastx=\dimen197
\tikz@lasty=\dimen198
\tikz@lastxsaved=\dimen199
\tikz@lastysaved=\dimen256
\tikz@lastmovetox=\dimen257
\tikz@lastmovetoy=\dimen258
\tikzleveldistance=\dimen259
\tikzsiblingdistance=\dimen260
\tikz@figbox=\box54
\tikz@figbox@bg=\box55
\tikz@tempbox=\box56
\tikz@tempbox@bg=\box57
\tikztreelevel=\count270
\tikznumberofchildren=\count271
\tikznumberofcurrentchild=\count272
\tikz@fig@count=\count273

("C:\Users\Nitrox\AppData\Local\Programs\MiKTeX 2.9\tex/generic/pgf/modules\pgf
modulematrix.code.tex"
File: pgfmodulematrix.code.tex 2020/01/08 v3.1.5b (3.1.5b)
\pgfmatrixcurrentrow=\count274
\pgfmatrixcurrentcolumn=\count275
\pgf@matrix@numberofcolumns=\count276
)
\tikz@expandcount=\count277

("C:\Users\Nitrox\AppData\Local\Programs\MiKTeX 2.9\tex/generic/pgf/frontendlay
er/tikz/libraries\tikzlibrarytopaths.code.tex"
File: tikzlibrarytopaths.code.tex 2020/01/08 v3.1.5b (3.1.5b)
)))
("C:\Users\Nitrox\AppData\Local\Programs\MiKTeX 2.9\tex/generic/pgf/frontendlay
er/tikz/libraries\tikzlibraryarrows.code.tex"
File: tikzlibraryarrows.code.tex 2020/01/08 v3.1.5b (3.1.5b)

("C:\Users\Nitrox\AppData\Local\Programs\MiKTeX 2.9\tex/generic/pgf/libraries\p
gflibraryarrows.code.tex"
File: pgflibraryarrows.code.tex 2020/01/08 v3.1.5b (3.1.5b)
\arrowsize=\dimen261
))
("C:\Users\Nitrox\AppData\Local\Programs\MiKTeX 2.9\tex/generic/pgf/frontendlay
er/tikz/libraries\tikzlibrarycalc.code.tex"
File: tikzlibrarycalc.code.tex 2020/01/08 v3.1.5b (3.1.5b)
)
("C:\Users\Nitrox\AppData\Local\Programs\MiKTeX 2.9\tex/generic/pgf/frontendlay
er/tikz/libraries\tikzlibrarydecorations.markings.code.tex"
("C:\Users\Nitrox\AppData\Local\Programs\MiKTeX 2.9\tex/generic/pgf/frontendlay
er/tikz/libraries\tikzlibrarydecorations.code.tex"
("C:\Users\Nitrox\AppData\Local\Programs\MiKTeX 2.9\tex/generic/pgf/modules\pgf
moduledecorations.code.tex"
\pgfdecoratedcompleteddistance=\dimen262
\pgfdecoratedremainingdistance=\dimen263
\pgfdecoratedinputsegmentcompleteddistance=\dimen264
\pgfdecoratedinputsegmentremainingdistance=\dimen265
\pgf@decorate@distancetomove=\dimen266
\pgf@decorate@repeatstate=\count278
\pgfdecorationsegmentamplitude=\dimen267
\pgfdecorationsegmentlength=\dimen268
)
\tikz@lib@dec@box=\box58
)
("C:\Users\Nitrox\AppData\Local\Programs\MiKTeX 2.9\tex/generic/pgf/libraries/d
ecorations\pgflibrarydecorations.markings.code.tex"))
("C:\Users\Nitrox\AppData\Local\Programs\MiKTeX 2.9\tex/generic/pgf/frontendlay
er/tikz/libraries\tikzlibrarymath.code.tex"
("C:\Users\Nitrox\AppData\Local\Programs\MiKTeX 2.9\tex/generic/pgf/frontendlay
er/tikz/libraries\tikzlibraryfpu.code.tex"
("C:\Users\Nitrox\AppData\Local\Programs\MiKTeX 2.9\tex/generic/pgf/libraries\p
gflibraryfpu.code.tex"))
\tikz@math@for@depth=\count279
\tikz@math@dimen=\dimen269
\tikz@math@toks=\toks34
)
("C:\Users\Nitrox\AppData\Local\Programs\MiKTeX 2.9\tex/generic/pgf/libraries\p
gflibraryarrows.meta.code.tex"
File: pgflibraryarrows.meta.code.tex 2020/01/08 v3.1.5b (3.1.5b)
\pgfarrowinset=\dimen270
\pgfarrowlength=\dimen271
\pgfarrowwidth=\dimen272
\pgfarrowlinewidth=\dimen273
)
("C:\Users\Nitrox\AppData\Local\Programs\MiKTeX 2.9\tex/latex/graphics\rotating
.sty"
Package: rotating 2016/08/11 v2.16d rotated objects in LaTeX

("C:\Users\Nitrox\AppData\Local\Programs\MiKTeX 2.9\tex/latex/base\ifthen.sty"
Package: ifthen 2014/09/29 v1.1c Standard LaTeX ifthen package (DPC)
)
\c@r@tfl@t=\count280
\rotFPtop=\skip52
\rotFPbot=\skip53
\rot@float@box=\box59
\rot@mess@toks=\toks35
)
("C:\Users\Nitrox\AppData\Local\Programs\MiKTeX 2.9\tex/latex/overpic\overpic.s
ty"
Package: overpic 2020/02/22 1.3 picture overlays (RN)
 ("C:\Users\Nitrox\AppData\Local\Programs\MiKTeX 2.9\tex/latex/epic\epic.sty"
Enhancements to Picture Environment. Version 1.2 - Released June 1, 1986
\@@multicnt=\count281
\d@lta=\count282
\@delta=\dimen274
\@@delta=\dimen275
\@gridcnt=\count283
\@joinkind=\count284
\@dotgap=\dimen276
\@ddotgap=\dimen277
\@x@diff=\count285
\@y@diff=\count286
\x@diff=\dimen278
\y@diff=\dimen279
\@dotbox=\box60
\num@segments=\count287
\num@segmentsi=\count288
\@datafile=\read3
)
\OVP@box=\box61
)
("C:\Users\Nitrox\AppData\Local\Programs\MiKTeX 2.9\tex/latex/base\inputenc.sty
"
Package: inputenc 2018/08/11 v1.3c Input encoding file
\inpenc@prehook=\toks36
\inpenc@posthook=\toks37
 ("C:\Users\Nitrox\AppData\Local\Programs\MiKTeX 2.9\tex/latex/base\cp1250.def"
File: cp1250.def 2018/08/11 v1.3c Input encoding file
))
("C:\Users\Nitrox\AppData\Local\Programs\MiKTeX 2.9\tex/latex/pgfplots\pgfplots
.sty"
("C:\Users\Nitrox\AppData\Local\Programs\MiKTeX 2.9\tex/generic/pgfplots\pgfplo
ts.revision.tex")
Package: pgfplots 2020/02/29 v1.17 Data Visualization (1.17)

("C:\Users\Nitrox\AppData\Local\Programs\MiKTeX 2.9\tex/generic/pgfplots\pgfplo
ts.code.tex"
("C:\Users\Nitrox\AppData\Local\Programs\MiKTeX 2.9\tex/generic/pgfplots\pgfplo
tscore.code.tex"
\t@pgfplots@toka=\toks38
\t@pgfplots@tokb=\toks39
\t@pgfplots@tokc=\toks40
\pgfplots@tmpa=\dimen280
\c@pgfplots@coordindex=\count289
\c@pgfplots@scanlineindex=\count290

("C:\Users\Nitrox\AppData\Local\Programs\MiKTeX 2.9\tex/generic/pgfplots/sys\pg
fplotssysgeneric.code.tex"))
("C:\Users\Nitrox\AppData\Local\Programs\MiKTeX 2.9\tex/generic/pgfplots/libs\p
gfplotslibrary.code.tex")
("C:\Users\Nitrox\AppData\Local\Programs\MiKTeX 2.9\tex/generic/pgfplots/oldpgf
compatib\pgfplotsoldpgfsupp_loader.code.tex")
("C:\Users\Nitrox\AppData\Local\Programs\MiKTeX 2.9\tex/generic/pgfplots/util\p
gfplotsutil.code.tex"
("C:\Users\Nitrox\AppData\Local\Programs\MiKTeX 2.9\tex/generic/pgfplots/listst
ructure\pgfplotsliststructure.code.tex")
("C:\Users\Nitrox\AppData\Local\Programs\MiKTeX 2.9\tex/generic/pgfplots/listst
ructure\pgfplotsliststructureext.code.tex")
("C:\Users\Nitrox\AppData\Local\Programs\MiKTeX 2.9\tex/generic/pgfplots/listst
ructure\pgfplotsarray.code.tex"
\c@pgfplotsarray@tmp=\count291
)
("C:\Users\Nitrox\AppData\Local\Programs\MiKTeX 2.9\tex/generic/pgfplots/listst
ructure\pgfplotsmatrix.code.tex")
("C:\Users\Nitrox\AppData\Local\Programs\MiKTeX 2.9\tex/generic/pgfplots/numtab
le\pgfplotstableshared.code.tex"
\c@pgfplotstable@counta=\count292
\t@pgfplotstable@a=\toks41
)
("C:\Users\Nitrox\AppData\Local\Programs\MiKTeX 2.9\tex/generic/pgfplots/listst
ructure\pgfplotsdeque.code.tex")
("C:\Users\Nitrox\AppData\Local\Programs\MiKTeX 2.9\tex/generic/pgfplots/util\p
gfplotsbinary.code.tex"
("C:\Users\Nitrox\AppData\Local\Programs\MiKTeX 2.9\tex/generic/pgfplots/util\p
gfplotsbinary.data.code.tex"))
("C:\Users\Nitrox\AppData\Local\Programs\MiKTeX 2.9\tex/generic/pgfplots/util\p
gfplotsutil.verb.code.tex")
("C:\Users\Nitrox\AppData\Local\Programs\MiKTeX 2.9\tex/generic/pgfplots/libs\p
gflibrarypgfplots.surfshading.code.tex"
\c@pgfplotslibrarysurf@no=\count293

("C:\Users\Nitrox\AppData\Local\Programs\MiKTeX 2.9\tex/generic/pgfplots/sys\pg
flibrarypgfplots.surfshading.pgfsys-pdftex.def")))
("C:\Users\Nitrox\AppData\Local\Programs\MiKTeX 2.9\tex/generic/pgfplots/util\p
gfplotscolormap.code.tex"
("C:\Users\Nitrox\AppData\Local\Programs\MiKTeX 2.9\tex/generic/pgfplots/util\p
gfplotscolor.code.tex"))
("C:\Users\Nitrox\AppData\Local\Programs\MiKTeX 2.9\tex/generic/pgfplots\pgfplo
tsstackedplots.code.tex")
("C:\Users\Nitrox\AppData\Local\Programs\MiKTeX 2.9\tex/generic/pgfplots\pgfplo
tsplothandlers.code.tex"
("C:\Users\Nitrox\AppData\Local\Programs\MiKTeX 2.9\tex/generic/pgfplots\pgfplo
tsmeshplothandler.code.tex"
("C:\Users\Nitrox\AppData\Local\Programs\MiKTeX 2.9\tex/generic/pgfplots\pgfplo
tsmeshplotimage.code.tex")))
("C:\Users\Nitrox\AppData\Local\Programs\MiKTeX 2.9\tex/generic/pgfplots\pgfplo
ts.scaling.code.tex")
("C:\Users\Nitrox\AppData\Local\Programs\MiKTeX 2.9\tex/generic/pgfplots\pgfplo
tscoordprocessing.code.tex")
("C:\Users\Nitrox\AppData\Local\Programs\MiKTeX 2.9\tex/generic/pgfplots\pgfplo
ts.errorbars.code.tex")
("C:\Users\Nitrox\AppData\Local\Programs\MiKTeX 2.9\tex/generic/pgfplots\pgfplo
ts.markers.code.tex")
("C:\Users\Nitrox\AppData\Local\Programs\MiKTeX 2.9\tex/generic/pgfplots\pgfplo
tsticks.code.tex")
("C:\Users\Nitrox\AppData\Local\Programs\MiKTeX 2.9\tex/generic/pgfplots\pgfplo
ts.paths.code.tex")
("C:\Users\Nitrox\AppData\Local\Programs\MiKTeX 2.9\tex/generic/pgf/frontendlay
er/tikz/libraries\tikzlibrarydecorations.pathmorphing.code.tex"
("C:\Users\Nitrox\AppData\Local\Programs\MiKTeX 2.9\tex/generic/pgf/libraries/d
ecorations\pgflibrarydecorations.pathmorphing.code.tex"))
("C:\Users\Nitrox\AppData\Local\Programs\MiKTeX 2.9\tex/generic/pgf/frontendlay
er/tikz/libraries\tikzlibrarydecorations.pathreplacing.code.tex"
("C:\Users\Nitrox\AppData\Local\Programs\MiKTeX 2.9\tex/generic/pgf/libraries/d
ecorations\pgflibrarydecorations.pathreplacing.code.tex"))
\pgfplots@numplots=\count294
\pgfplots@xmin@reg=\dimen281
\pgfplots@xmax@reg=\dimen282
\pgfplots@ymin@reg=\dimen283
\pgfplots@ymax@reg=\dimen284
\pgfplots@zmin@reg=\dimen285
\pgfplots@zmax@reg=\dimen286
)
("C:\Users\Nitrox\AppData\Local\Programs\MiKTeX 2.9\tex/generic/pgf/frontendlay
er/tikz/libraries\tikzlibraryplotmarks.code.tex"
File: tikzlibraryplotmarks.code.tex 2020/01/08 v3.1.5b (3.1.5b)

("C:\Users\Nitrox\AppData\Local\Programs\MiKTeX 2.9\tex/generic/pgf/libraries\p
gflibraryplotmarks.code.tex"
File: pgflibraryplotmarks.code.tex 2020/01/08 v3.1.5b (3.1.5b)
)))
("C:\Users\Nitrox\AppData\Local\Programs\MiKTeX 2.9\tex/generic/pgfplots/libs\t
ikzlibrarypgfplots.groupplots.code.tex"
\pgfplots@group@current@plot=\count295
\pgfplots@group@current@row=\count296
\pgfplots@group@current@column=\count297
)
("C:\Users\Nitrox\AppData\Local\Programs\MiKTeX 2.9\tex/latex/listings\listings
.sty"
\lst@mode=\count298
\lst@gtempboxa=\box62
\lst@token=\toks42
\lst@length=\count299
\lst@currlwidth=\dimen287
\lst@column=\count300
\lst@pos=\count301
\lst@lostspace=\dimen288
\lst@width=\dimen289
\lst@newlines=\count302
\lst@lineno=\count303
\lst@maxwidth=\dimen290

("C:\Users\Nitrox\AppData\Local\Programs\MiKTeX 2.9\tex/latex/listings\lstmisc.
sty"
File: lstmisc.sty 2019/09/10 1.8c (Carsten Heinz)
\c@lstnumber=\count304
\lst@skipnumbers=\count305
\lst@framebox=\box63
)
("C:\Users\Nitrox\AppData\Local\Programs\MiKTeX 2.9\tex/latex/listings\listings
.cfg"
File: listings.cfg 2019/09/10 1.8c listings configuration
))
Package: listings 2019/09/10 1.8c (Carsten Heinz)

("C:\Users\Nitrox\AppData\Local\Programs\MiKTeX 2.9\tex/latex/matlab-prettifier
\matlab-prettifier.sty"
Package: matlab-prettifier 2014/06/19 v0.3 A package for prettyprinting Matlab 
source code

("C:\Users\Nitrox\AppData\Local\Programs\MiKTeX 2.9\tex/latex/base\textcomp.sty
"
Package: textcomp 2020/02/02 v2.0n Standard LaTeX package
)
\netBracketCount@mlpr=\count306
\blkLvl@mlpr=\count307
\blkLvlAtClassdef@mlpr=\count308
\emHeight@mlpr=\skip54
\jayDepth@mlpr=\skip55
\sectionRuleOffset@mlpr=\skip56
\toks@mlpr=\toks43
)
("C:\Users\Nitrox\AppData\Local\Programs\MiKTeX 2.9\tex/latex/enumitem\enumitem
.sty"
Package: enumitem 2019/06/20 v3.9 Customized lists
\labelindent=\skip57
\enit@outerparindent=\dimen291
\enit@toks=\toks44
\enit@inbox=\box64
\enit@count@id=\count309
\enitdp@description=\count310
)
("C:\Users\Nitrox\AppData\Local\Programs\MiKTeX 2.9\tex/latex/siunitx\siunitx.s
ty"
("C:\Users\Nitrox\AppData\Local\Programs\MiKTeX 2.9\tex/latex/l3kernel\expl3.st
y"
Package: expl3 2020-03-03 L3 programming layer (loader) 

("C:\Users\Nitrox\AppData\Local\Programs\MiKTeX 2.9\tex/latex/l3backend\l3backe
nd-pdfmode.def"
File: l3backend-pdfmode.def 2020-02-23 L3 backend support: PDF mode
\l__kernel_color_stack_int=\count311
\l__pdf_internal_box=\box65
))
("C:\Users\Nitrox\AppData\Local\Programs\MiKTeX 2.9\tex/latex/l3packages/xparse
\xparse.sty"
Package: xparse 2020-03-03 L3 Experimental document command parser
\l__xparse_current_arg_int=\count312
\g__xparse_grabber_int=\count313
\l__xparse_m_args_int=\count314
\l__xparse_v_nesting_int=\count315
)
Package: siunitx 2020/02/25 v2.8b A comprehensive (SI) units package

("C:\Users\Nitrox\AppData\Local\Programs\MiKTeX 2.9\tex/latex/tools\array.sty"
Package: array 2019/08/31 v2.4l Tabular extension package (FMi)
\col@sep=\dimen292
\ar@mcellbox=\box66
\extrarowheight=\dimen293
\NC@list=\toks45
\extratabsurround=\skip58
\backup@length=\skip59
\ar@cellbox=\box67
)
("C:\Users\Nitrox\AppData\Local\Programs\MiKTeX 2.9\tex/latex/l3packages/l3keys
2e\l3keys2e.sty"
Package: l3keys2e 2020-03-03 LaTeX2e option processing using LaTeX3 keys
)
\l__siunitx_tmp_box=\box68
\l__siunitx_tmp_dim=\dimen294
\l__siunitx_tmp_int=\count316
\l__siunitx_number_mantissa_length_int=\count317
\l__siunitx_number_uncert_length_int=\count318
\l__siunitx_round_int=\count319
\l__siunitx_process_decimal_int=\count320
\l__siunitx_process_uncertainty_int=\count321
\l__siunitx_process_fixed_int=\count322
\l__siunitx_process_integer_min_int=\count323
\l__siunitx_process_precision_int=\count324
\l__siunitx_group_min_int=\count325
\l__siunitx_angle_marker_box=\box69
\l__siunitx_angle_unit_box=\box70
\l__siunitx_angle_marker_dim=\dimen295
\l__siunitx_angle_unit_dim=\dimen296
\l__siunitx_unit_int=\count326
\l__siunitx_unit_denominator_int=\count327
\l__siunitx_unit_numerator_int=\count328
\l__siunitx_unit_prefix_int=\count329
\l__siunitx_unit_prefix_base_int=\count330
\l__siunitx_unit_prefix_gram_int=\count331
\l__siunitx_number_product_int=\count332
\c__siunitx_one_fill_skip=\skip60
\l__siunitx_table_unit_align_skip=\skip61
\l__siunitx_table_exponent_dim=\dimen297
\l__siunitx_table_integer_dim=\dimen298
\l__siunitx_table_mantissa_dim=\dimen299
\l__siunitx_table_marker_dim=\dimen300
\l__siunitx_table_result_dim=\dimen301
\l__siunitx_table_uncert_dim=\dimen302
\l__siunitx_table_fill_pre_dim=\dimen303
\l__siunitx_table_fill_post_dim=\dimen304
\l__siunitx_table_fill_mid_dim=\dimen305
\l__siunitx_table_pre_box=\box71
\l__siunitx_table_post_box=\box72
\l__siunitx_table_mantissa_box=\box73
\l__siunitx_table_result_box=\box74
\l__siunitx_table_number_align_skip=\skip62
\l__siunitx_table_text_align_skip=\skip63

("C:\Users\Nitrox\AppData\Local\Programs\MiKTeX 2.9\tex/latex/translator\transl
ator.sty"
Package: translator 2019-05-31 v1.12a Easy translation of strings in LaTeX
))

LaTeX Warning: Unused global option(s):
    [twosides].

(sprawozdanie_szablon.aux)
\openout1 = `sprawozdanie_szablon.aux'.

LaTeX Font Info:    Checking defaults for OML/cmm/m/it on input line 85.
LaTeX Font Info:    ... okay on input line 85.
LaTeX Font Info:    Checking defaults for OMS/cmsy/m/n on input line 85.
LaTeX Font Info:    ... okay on input line 85.
LaTeX Font Info:    Checking defaults for OT1/cmr/m/n on input line 85.
LaTeX Font Info:    ... okay on input line 85.
LaTeX Font Info:    Checking defaults for T1/cmr/m/n on input line 85.
LaTeX Font Info:    ... okay on input line 85.
LaTeX Font Info:    Checking defaults for TS1/cmr/m/n on input line 85.
LaTeX Font Info:    ... okay on input line 85.
LaTeX Font Info:    Checking defaults for OMX/cmex/m/n on input line 85.
LaTeX Font Info:    ... okay on input line 85.
LaTeX Font Info:    Checking defaults for U/cmr/m/n on input line 85.
LaTeX Font Info:    ... okay on input line 85.
LaTeX Font Info:    Checking defaults for OT4/cmr/m/n on input line 85.
LaTeX Font Info:    ... okay on input line 85.

*geometry* driver: auto-detecting
*geometry* detected driver: pdftex
*geometry* verbose mode - [ preamble ] result:
* driver: pdftex
* paper: a4paper
* layout: <same size as paper>
* layoutoffset:(h,v)=(0.0pt,0.0pt)
* modes: 
* h-part:(L,W,R)=(71.13188pt, 455.24411pt, 71.13188pt)
* v-part:(T,H,B)=(71.13188pt, 702.78308pt, 71.13188pt)
* \paperwidth=597.50787pt
* \paperheight=845.04684pt
* \textwidth=455.24408pt
* \textheight=702.78307pt
* \oddsidemargin=-1.1381pt
* \evensidemargin=-1.1381pt
* \topmargin=-30.33812pt
* \headheight=13.6pt
* \headsep=15.6pt
* \topskip=11.0pt
* \footskip=27.20001pt
* \marginparwidth=0.0pt
* \marginparsep=0.0pt
* \columnsep=25.6802pt
* \skip\footins=10.0pt plus 4.0pt minus 2.0pt
* \hoffset=0.0pt
* \voffset=0.0pt
* \mag=1000
* \@twocolumnfalse
* \@twosidefalse
* \@mparswitchfalse
* \@reversemarginfalse
* (1in=72.27pt=25.4mm, 1cm=28.453pt)


("C:\Users\Nitrox\AppData\Local\Programs\MiKTeX 2.9\tex/context/base/mkii\supp-
pdf.mkii"
[Loading MPS to PDF converter (version 2006.09.02).]
\scratchcounter=\count333
\scratchdimen=\dimen306
\scratchbox=\box75
\nofMPsegments=\count334
\nofMParguments=\count335
\everyMPshowfont=\toks46
\MPscratchCnt=\count336
\MPscratchDim=\dimen307
\MPnumerator=\count337
\makeMPintoPDFobject=\count338
\everyMPtoPDFconversion=\toks47
)
("C:\Users\Nitrox\AppData\Local\Programs\MiKTeX 2.9\tex/latex/epstopdf-pkg\epst
opdf-base.sty"
Package: epstopdf-base 2020-01-24 v2.11 Base part for package epstopdf
Package epstopdf-base Info: Redefining graphics rule for `.eps' on input line 4
85.
) ABD: EveryShipout initializing macros

Package pgfplots Warning: running in backwards compatibility mode (unsuitable t
ick labels; missing features). Consider writing \pgfplotsset{compat=1.17} into 
your preamble.
 on input line 85.

\c@lstlisting=\count339

("C:\Users\Nitrox\AppData\Local\Programs\MiKTeX 2.9\tex/latex/translator\transl
ator-basic-dictionary-English.dict"
Dictionary: translator-basic-dictionary, Language: English 
)
("C:\Users\Nitrox\AppData\Local\Programs\MiKTeX 2.9\tex/latex/siunitx\siunitx-a
bbreviations.cfg"
File: siunitx-abbreviations.cfg 2017/11/26 v2.7k siunitx: Abbreviated units
)
("C:\Users\Nitrox\AppData\Local\Programs\MiKTeX 2.9\tex/latex/siunitx\siunitx-b
inary.cfg"
File: siunitx-binary.cfg 2017/11/26 v2.7k siunitx: Binary units
)
LaTeX Font Info:    Trying to load font information for OML+plm on input line 8
5.

("C:\Users\Nitrox\AppData\Local\Programs\MiKTeX 2.9\tex/latex/polski\omlplm.fd"
File: omlplm.fd 2008/02/24 v1.2.1 Font defs for fonts PL (MW)
)
LaTeX Font Info:    Trying to load font information for OMS+plsy on input line 
85.

("C:\Users\Nitrox\AppData\Local\Programs\MiKTeX 2.9\tex/latex/polski\omsplsy.fd
"
File: omsplsy.fd 2008/02/24 v1.2.1 Font defs for fonts PL (MW)
)
LaTeX Font Info:    Trying to load font information for OMX+plex on input line 
85.

("C:\Users\Nitrox\AppData\Local\Programs\MiKTeX 2.9\tex/latex/polski\omxplex.fd
"
File: omxplex.fd 2008/02/24 v1.2.1 Font defs for fonts PL (MW)
)
LaTeX Font Info:    External font `plex10' loaded for size
(Font)              <10.95> on input line 85.
LaTeX Font Info:    External font `plex10' loaded for size
(Font)              <8> on input line 85.
LaTeX Font Info:    External font `plex10' loaded for size
(Font)              <6> on input line 85.
LaTeX Font Info:    Trying to load font information for U+msa on input line 85.


("C:\Users\Nitrox\AppData\Local\Programs\MiKTeX 2.9\tex/latex/amsfonts\umsa.fd"
File: umsa.fd 2013/01/14 v3.01 AMS symbols A
)
LaTeX Font Info:    Trying to load font information for U+msb on input line 85.

 ("C:\Users\Nitrox\AppData\Local\Programs\MiKTeX 2.9\tex/latex/amsfonts\umsb.fd
"
File: umsb.fd 2013/01/14 v3.01 AMS symbols B
)
LaTeX Font Info:    Trying to load font information for OT4+cmss on input line 
85.

("C:\Users\Nitrox\AppData\Local\Programs\MiKTeX 2.9\tex/latex/polski\ot4cmss.fd
"
File: ot4cmss.fd 2008/02/24 v1.2.1 Font defs for fonts PL (MW)
)
LaTeX Font Info:    Trying to load font information for OT4+cmtt on input line 
85.

("C:\Users\Nitrox\AppData\Local\Programs\MiKTeX 2.9\tex/latex/polski\ot4cmtt.fd
"
File: ot4cmtt.fd 2008/02/24 v1.2.1 Font defs for fonts PL (MW)
) [1

{C:/Users/Nitrox/AppData/Local/MiKTeX/2.9/pdftex/config/pdftex.map}]
(sprawozdanie_szablon.toc
LaTeX Font Info:    External font `plex10' loaded for size
(Font)              <10> on input line 1.
LaTeX Font Info:    External font `plex10' loaded for size
(Font)              <7> on input line 1.
LaTeX Font Info:    External font `plex10' loaded for size
(Font)              <5> on input line 1.

Overfull \hbox (2.94443pt too wide) detected at line 16
\OT4/cmr/bx/n/10 A. 
 []


Overfull \hbox (2.5pt too wide) detected at line 26
\OT4/cmr/m/n/10 A.10. 
 []


Overfull \hbox (2.5pt too wide) detected at line 27
\OT4/cmr/m/n/10 A.11. 
 []

)
\tf@toc=\write4
\openout4 = `sprawozdanie_szablon.toc'.

 (wstep.tex [1

]
Rozdzia\PlPrIeC {\l } 1.
) (wzory.tex [2

]
Rozdzia\PlPrIeC {\l } 2.
[3

]
Overfull \hbox (101.95361pt too wide) detected at line 99
\OML/plm/m/it/10.95 y\OT4/cmr/m/n/10.95 (\OML/plm/m/it/10.95 k\OT4/cmr/m/n/10.9
5 ) = \OML/plm/m/it/10.95 b[]u\OT4/cmr/m/n/10.95 (\OML/plm/m/it/10.95 k \OMS/pl
sy/m/n/10.95   \OT4/cmr/m/n/10.95 1) + \OML/plm/m/it/10.95 b[]u\OT4/cmr/m/n/10.
95 (\OML/plm/m/it/10.95 k \OMS/plsy/m/n/10.95   \OT4/cmr/m/n/10.95 2) + \OML/pl
m/m/it/10.95 b[]u\OT4/cmr/m/n/10.95 (\OML/plm/m/it/10.95 k \OMS/plsy/m/n/10.95 
  \OT4/cmr/m/n/10.95 3) + \OML/plm/m/it/10.95 b[]u\OT4/cmr/m/n/10.95 (\OML/plm/
m/it/10.95 k \OMS/plsy/m/n/10.95   \OT4/cmr/m/n/10.95 4) + \OML/plm/m/it/10.95 
b[]u\OT4/cmr/m/n/10.95 (\OML/plm/m/it/10.95 k \OMS/plsy/m/n/10.95   \OT4/cmr/m/
n/10.95 5) \OMS/plsy/m/n/10.95   \OML/plm/m/it/10.95 a[]y\OT4/cmr/m/n/10.95 (\O
ML/plm/m/it/10.95 k \OMS/plsy/m/n/10.95   \OT4/cmr/m/n/10.95 1) \OMS/plsy/m/n/1
0.95   \OML/plm/m/it/10.95 a[]y\OT4/cmr/m/n/10.95 (\OML/plm/m/it/10.95 k \OMS/p
lsy/m/n/10.95   \OT4/cmr/m/n/10.95 2) \OMS/plsy/m/n/10.95   \OML/plm/m/it/10.95
 a[]y\OT4/cmr/m/n/10.95 (\OML/plm/m/it/10.95 k \OMS/plsy/m/n/10.95   \OT4/cmr/m
/n/10.95 3) \OMS/plsy/m/n/10.95   \OML/plm/m/it/10.95 a[]y\OT4/cmr/m/n/10.95 (\
OML/plm/m/it/10.95 k \OMS/plsy/m/n/10.95   \OT4/cmr/m/n/10.95 4) \OMS/plsy/m/n/
10.95   \OML/plm/m/it/10.95 a[]y\OT4/cmr/m/n/10.95 (\OML/plm/m/it/10.95 k \OMS/
plsy/m/n/10.95   \OT4/cmr/m/n/10.95 5)
 []

) (tabele.tex [4]
Rozdzia\PlPrIeC {\l } 3.
) (rysunki.tex [5

] [6]
Rozdzia\PlPrIeC {\l } 4.
Missing character: There is no ; in font nullfont!

Overfull \hbox (6.82668pt too wide) in paragraph at lines 36--37
[]\OT4/cmr/m/n/10.95 ($\OT4/cmtt/m/n/10.95 http : / / tpx . sourceforge . net/$
\OT4/cmr/m/n/10.95 ), [][]\OT4/cmtt/m/n/10.95 ktikz []\OT4/cmr/m/n/10.95 ($\OT4
/cmtt/m/n/10.95 https : / / www . linux-[]apps . com / p / 1126914/$\OT4/cmr/m/
n/10.95 ), [][]\OT4/cmtt/m/n/10.95 GraTeX
 []

[7

] [8]
PGFPlots: reading {rysunki/dane_stat/dane_fx.txt}
PGFPlots: reading {rysunki/dane_stat/dane_gx.txt}

Overfull \hbox (25.58244pt too wide) in paragraph at lines 122--123
\OT4/cmr/m/n/10.95 umo»-li-wia-j¡-cy za-pi-sa-nie ry-sun-ku do pli-ku [][]\OT4/
cmtt/m/n/10.95 funkcje.pdf[]\OT4/cmr/m/n/10.95 , znaj-du-je si¦ w ka-ta-lo-gu [
][]\OT4/cmtt/m/n/10.95 rysunki/zapisz_pdf
 []

(rysunki/zapisz_pdf/zapisz_pdf_funkcje.tex [9])
Overfull \hbox (13.89258pt too wide) in paragraph at lines 131--132
[]\OT4/cmr/m/n/10.95 Przy du-»ych zbio-rach da-nych L[]T[]X zgªa-sza bª¡d pa-mi
¦-ci. Na-le-»y wów-czas za-sto-so-wa¢ [].
 []

<rysunki/zapisz_pdf/funkcje.pdf, id=52, 234.37865pt x 180.48027pt>
File: rysunki/zapisz_pdf/funkcje.pdf Graphic file (type pdf)
<use rysunki/zapisz_pdf/funkcje.pdf>
Package pdftex.def Info: rysunki/zapisz_pdf/funkcje.pdf  used on input line 151
.
(pdftex.def)             Requested size: 234.37807pt x 180.47983pt.

Overfull \hbox (8.54916pt too wide) in paragraph at lines 158--159
[]\OT4/cmr/m/n/10.95 Zaªó»my, »e w ka-ta-lo-gu [][]\OT4/cmtt/m/n/10.95 rysunki/
symulacje11 []\OT4/cmr/m/n/10.95 znaj-du-je si¦ plik [][]\OT4/cmtt/m/n/10.95 yz
ad.txt []\OT4/cmr/m/n/10.95 za-wie-ra-j¡-cy w pierw-
 []


Overfull \hbox (9.03488pt too wide) in paragraph at lines 158--159
[][]\OT4/cmtt/m/n/10.95 u_lambda_0_1.txt[]\OT4/cmr/m/n/10.95 , [][]\OT4/cmtt/m/
n/10.95 u_lambda_0_2.txt[]\OT4/cmr/m/n/10.95 , [][]\OT4/cmtt/m/n/10.95 u_lambda
_0_5.txt[]\OT4/cmr/m/n/10.95 , [][]\OT4/cmtt/m/n/10.95 u_lambda_1.txt []\OT4/cm
r/m/n/10.95 i [][]\OT4/cmtt/m/n/10.95 u_lambda_2.txt[]\OT4/cmr/m/n/10.95 ,
 []


Overfull \hbox (1.80286pt too wide) in paragraph at lines 158--159
[][]\OT4/cmtt/m/n/10.95 y_lambda_0_2.txt[]\OT4/cmr/m/n/10.95 , [][]\OT4/cmtt/m/
n/10.95 y_lambda_0_5.txt[]\OT4/cmr/m/n/10.95 , [][]\OT4/cmtt/m/n/10.95 y_lambda
_1.txt []\OT4/cmr/m/n/10.95 i [][]\OT4/cmtt/m/n/10.95 y_lambda_2.txt[]\OT4/cmr/
m/n/10.95 . Przy-go-to-wa-no plik
 []

(rysunki/zapisz_pdf/zapisz_pdf_symulacje11.tex [10]
Underfull \vbox (badness 6825) has occurred while \output is active []

 [11 <./rysunki/zapisz_pdf/funkcje.pdf>])
Overfull \hbox (8.43335pt too wide) in paragraph at lines 165--166
\OT4/cmr/m/n/10.95 zapisuje plik [][]\OT4/cmtt/m/n/10.95 symulacje11.pdf[]\OT4/
cmr/m/n/10.95 . Ry-su-nek do-ª¡-cza si¦ do do-ku-men-tu in-struk-cj¡ [][]\OT4/c
mtt/m/n/10.95 \includegraphics[]\OT4/cmr/m/n/10.95 .
 []

(rysunki/zapisz_pdf/zapisz_pdf_symulacje11_wersja2.tex [12]
Underfull \vbox (badness 10000) has occurred while \output is active []

 [13])
<rysunki/zapisz_pdf/symulacje11.pdf, id=87, 455.85306pt x 293.02875pt>
File: rysunki/zapisz_pdf/symulacje11.pdf Graphic file (type pdf)
<use rysunki/zapisz_pdf/symulacje11.pdf>
Package pdftex.def Info: rysunki/zapisz_pdf/symulacje11.pdf  used on input line
 175.
(pdftex.def)             Requested size: 455.85194pt x 293.02802pt.

Overfull \hbox (0.60786pt too wide) in paragraph at lines 175--178
 [][] 
 []

<rysunki/zapisz_pdf/symulacje11_wersja2.pdf, id=88, 453.1038pt x 168.66513pt>
File: rysunki/zapisz_pdf/symulacje11_wersja2.pdf Graphic file (type pdf)
<use rysunki/zapisz_pdf/symulacje11_wersja2.pdf>
Package pdftex.def Info: rysunki/zapisz_pdf/symulacje11_wersja2.pdf  used on in
put line 184.
(pdftex.def)             Requested size: 453.10269pt x 168.66472pt.

Overfull \hbox (1.0124pt too wide) in paragraph at lines 190--191
\OT4/cmr/m/n/10.95 wej-±ciach i dwóch wyj-±ciach za-pi-sa-ne w pli-kach: [][]\O
T4/cmtt/m/n/10.95 yzad1.txt[]\OT4/cmr/m/n/10.95 , [][]\OT4/cmtt/m/n/10.95 yzad2
.txt[]\OT4/cmr/m/n/10.95 , [][]\OT4/cmtt/m/n/10.95 u1.txt[]\OT4/cmr/m/n/10.95 ,
 [][]\OT4/cmtt/m/n/10.95 u2.txt[]\OT4/cmr/m/n/10.95 , [][]\OT4/cmtt/m/n/10.95 y
1.txt[]\OT4/cmr/m/n/10.95 ,
 []

(rysunki/zapisz_pdf/zapisz_pdf_symulacje22.tex [14 <./rysunki/zapisz_pdf/symula
cje11.pdf>]
Underfull \vbox (badness 10000) has occurred while \output is active []

 [15 <./rysunki/zapisz_pdf/symulacje11_wersja2.pdf>])
(rysunki/zapisz_pdf/zapisz_pdf_symulacje22_wersja2.tex [16])
<rysunki/zapisz_pdf/symulacje22.pdf, id=132, 450.9879pt x 639.90771pt>
File: rysunki/zapisz_pdf/symulacje22.pdf Graphic file (type pdf)
<use rysunki/zapisz_pdf/symulacje22.pdf>
Package pdftex.def Info: rysunki/zapisz_pdf/symulacje22.pdf  used on input line
 200.
(pdftex.def)             Requested size: 450.98679pt x 639.90614pt.
<rysunki/zapisz_pdf/symulacje22_wersja2.pdf, id=133, 460.04872pt x 298.00935pt>

File: rysunki/zapisz_pdf/symulacje22_wersja2.pdf Graphic file (type pdf)
<use rysunki/zapisz_pdf/symulacje22_wersja2.pdf>
Package pdftex.def Info: rysunki/zapisz_pdf/symulacje22_wersja2.pdf  used on in
put line 208.
(pdftex.def)             Requested size: 460.04759pt x 298.0086pt.

Overfull \hbox (4.80351pt too wide) in paragraph at lines 208--210
 [][] 
 []

[17] [18 <./rysunki/zapisz_pdf/symulacje22.pdf>]
<rysunki/kolory.pdf, id=157, 12.045pt x 0.60225pt>
File: rysunki/kolory.pdf Graphic file (type pdf)
<use rysunki/kolory.pdf>
Package pdftex.def Info: rysunki/kolory.pdf  used on input line 243.
(pdftex.def)             Requested size: 341.82184pt x 70.36102pt.
) (listingi.tex [19 <./rysunki/zapisz_pdf/symulacje22_wersja2.pdf> <./rysunki/k
olory.pdf>] [20]
Rozdzia\PlPrIeC {\l } 5.

("C:\Users\Nitrox\AppData\Local\Programs\MiKTeX 2.9\tex/latex/listings\lstlang1
.sty"
File: lstlang1.sty 2019/09/10 1.8c listings language file
)
("C:\Users\Nitrox\AppData\Local\Programs\MiKTeX 2.9\tex/latex/listings\lstmisc.
sty"
File: lstmisc.sty 2019/09/10 1.8c (Carsten Heinz)
)

LaTeX Font Warning: Font shape `OT4/cmtt/bx/n' in size <10> not available
(Font)              Font shape `OT4/cmtt/m/n' tried instead on input line 5.

LaTeX Font Info:    Trying to load font information for TS1+cmtt on input line 
18.
("C:\Users\Nitrox\AppData\Local\Programs\MiKTeX 2.9\tex/latex/base\ts1cmtt.fd"
File: ts1cmtt.fd 2019/12/16 v2.5j Standard LaTeX font definitions
)) (literatura.tex [21

]) (zalacznik.tex
\fwidth=\skip64
\fheight=\skip65
 [22

]
Dodatek A.

Overfull \hbox (4.2914pt too wide) in paragraph at lines 6--7
[]\OT4/cmr/m/n/10.95 Aktualnie ko-do-wa-nie zna-ków usta-wio-ne jest na cp1250 
(cza-sem ozna-cza-ne ja-ko windows-1250).
 []

[23

]

LaTeX Font Warning: Font shape `OT4/cmtt/bx/n' in size <12> not available
(Font)              Font shape `OT4/cmtt/m/n' tried instead on input line 61.

(skrypty/wykresy_z_matlaba.m)
("C:\Users\Nitrox\AppData\Local\Programs\MiKTeX 2.9\tex/latex/listings\lstlang1
.sty"
File: lstlang1.sty 2019/09/10 1.8c listings language file
)
("C:\Users\Nitrox\AppData\Local\Programs\MiKTeX 2.9\tex/latex/listings\lstlang2
.sty"
File: lstlang2.sty 2019/09/10 1.8c listings language file
)
("C:\Users\Nitrox\AppData\Local\Programs\MiKTeX 2.9\tex/latex/listings\lstlang3
.sty"
File: lstlang3.sty 2019/09/10 1.8c listings language file
)
("C:\Users\Nitrox\AppData\Local\Programs\MiKTeX 2.9\tex/latex/listings\lstlang1
.sty"
File: lstlang1.sty 2019/09/10 1.8c listings language file
)
("C:\Users\Nitrox\AppData\Local\Programs\MiKTeX 2.9\tex/latex/listings\lstlang2
.sty"
File: lstlang2.sty 2019/09/10 1.8c listings language file
)
("C:\Users\Nitrox\AppData\Local\Programs\MiKTeX 2.9\tex/latex/listings\lstlang3
.sty"
File: lstlang3.sty 2019/09/10 1.8c listings language file
)
("C:\Users\Nitrox\AppData\Local\Programs\MiKTeX 2.9\tex/latex/listings\lstlang1
.sty"
File: lstlang1.sty 2019/09/10 1.8c listings language file
)
("C:\Users\Nitrox\AppData\Local\Programs\MiKTeX 2.9\tex/latex/listings\lstlang2
.sty"
File: lstlang2.sty 2019/09/10 1.8c listings language file
)
("C:\Users\Nitrox\AppData\Local\Programs\MiKTeX 2.9\tex/latex/listings\lstlang3
.sty"
File: lstlang3.sty 2019/09/10 1.8c listings language file
)
("C:\Users\Nitrox\AppData\Local\Programs\MiKTeX 2.9\tex/latex/listings\lstmisc.
sty"
File: lstmisc.sty 2019/09/10 1.8c (Carsten Heinz)
)
LaTeX Font Info:    Trying to load font information for OMS+cmr on input line 6
5.

("C:\Users\Nitrox\AppData\Local\Programs\MiKTeX 2.9\tex/latex/base\omscmr.fd"
File: omscmr.fd 2019/12/16 v2.5j Standard LaTeX font definitions
)
LaTeX Font Info:    Font shape `OMS/cmr/m/n' in size <10.95> not available
(Font)              Font shape `OMS/cmsy/m/n' tried instead on input line 65.

(skrypty/wykres_tex.tex)
Underfull \vbox (badness 10000) has occurred while \output is active []

 [24]
Overfull \hbox (18.04361pt too wide) in paragraph at lines 73--76
\OT4/cmr/m/n/10.95 MA-TLAB b¦-dzie mógª go od-na-le¹¢. War-to utwo-rzy¢ ka-ta-l
og [][]\OT4/cmtt/m/n/10.95 <MATLAB_ROOT>/toolbox/matlab2tikz
 []


Underfull \vbox (badness 10000) has occurred while \output is active []

 [25]
(skrypty/plot.tex) (skrypty/stairs.tex) [26]
Overfull \hbox (0.15483pt too wide) in paragraph at lines 113--114
[]\OT4/cmr/m/n/10.95 W spra-woz-da-niu nie ma po-trze-by wy-pi-sy-wa-nia eks-pe
-ry-men-tów tak jak wy-»ej, lecz dla uspraw-
 []

) [27] [28] (sprawozdanie_szablon.aux) ) 
Here is how much of TeX's memory you used:
 31884 strings out of 481292
 792888 string characters out of 2907317
 2487680 words of memory out of 3000000
 46781 multiletter control sequences out of 15000+200000
 557771 words of font info for 97 fonts, out of 3000000 for 9000
 1141 hyphenation exceptions out of 8191
 63i,19n,102p,1034b,2176s stack positions out of 5000i,500n,10000p,200000b,50000s
{C:/Users/Nitrox/AppData/Local/Programs
/MiKTeX 2.9/fonts/enc/dvips/pl/plms.enc}{C:/Users/Nitrox/AppData/Local/Programs
/MiKTeX 2.9/fonts/enc/dvips/pl/pltt.enc} <C:\Users\Nitrox\AppData\Local\MiKTeX\
2.9\fonts/pk/ljfour/jknappen/ec/dpi600\tcrm1095.pk> <C:\Users\Nitrox\AppData\Lo
cal\MiKTeX\2.9\fonts/pk/ljfour/jknappen/ec/dpi600\tctt1095.pk>{C:/Users/Nitrox/
AppData/Local/Programs/MiKTeX 2.9/fonts/enc/dvips/pl/plitt.enc}{C:/Users/Nitrox
/AppData/Local/Programs/MiKTeX 2.9/fonts/enc/dvips/pl/plrm.enc}{C:/Users/Nitrox
/AppData/Local/Programs/MiKTeX 2.9/fonts/enc/dvips/pl/plit.enc}{C:/Users/Nitrox
/AppData/Local/Programs/MiKTeX 2.9/fonts/enc/dvips/pl/plmi.enc}{C:/Users/Nitrox
/AppData/Local/Programs/MiKTeX 2.9/fonts/enc/dvips/pl/plme.enc}<C:/Users/Nitrox
/AppData/Local/Programs/MiKTeX 2.9/fonts/type1/public/amsfonts/cm/cmmi6.pfb><C:
/Users/Nitrox/AppData/Local/Programs/MiKTeX 2.9/fonts/type1/public/amsfonts/cm/
cmmi9.pfb><C:/Users/Nitrox/AppData/Local/Programs/MiKTeX 2.9/fonts/type1/public
/amsfonts/cm/cmr6.pfb><C:/Users/Nitrox/AppData/Local/Programs/MiKTeX 2.9/fonts/
type1/public/amsfonts/cm/cmr9.pfb><C:/Users/Nitrox/AppData/Local/Programs/MiKTe
X 2.9/fonts/type1/public/amsfonts/cm/cmsy10.pfb><C:/Users/Nitrox/AppData/Local/
Programs/MiKTeX 2.9/fonts/type1/public/amsfonts/cm/cmsy6.pfb><C:/Users/Nitrox/A
ppData/Local/Programs/MiKTeX 2.9/fonts/type1/public/pl/plbx10.pfb><C:/Users/Nit
rox/AppData/Local/Programs/MiKTeX 2.9/fonts/type1/public/pl/plbx12.pfb><C:/User
s/Nitrox/AppData/Local/Programs/MiKTeX 2.9/fonts/type1/public/pl/plex10.pfb><C:
/Users/Nitrox/AppData/Local/Programs/MiKTeX 2.9/fonts/type1/public/pl/plitt10.p
fb><C:/Users/Nitrox/AppData/Local/Programs/MiKTeX 2.9/fonts/type1/public/pl/plm
i10.pfb><C:/Users/Nitrox/AppData/Local/Programs/MiKTeX 2.9/fonts/type1/public/p
l/plmi8.pfb><C:/Users/Nitrox/AppData/Local/Programs/MiKTeX 2.9/fonts/type1/publ
ic/pl/plmib10.pfb><C:/Users/Nitrox/AppData/Local/Programs/MiKTeX 2.9/fonts/type
1/public/pl/plr10.pfb><C:/Users/Nitrox/AppData/Local/Programs/MiKTeX 2.9/fonts/
type1/public/pl/plr6.pfb><C:/Users/Nitrox/AppData/Local/Programs/MiKTeX 2.9/fon
ts/type1/public/pl/plr7.pfb><C:/Users/Nitrox/AppData/Local/Programs/MiKTeX 2.9/
fonts/type1/public/pl/plr8.pfb><C:/Users/Nitrox/AppData/Local/Programs/MiKTeX 2
.9/fonts/type1/public/pl/plsy10.pfb><C:/Users/Nitrox/AppData/Local/Programs/MiK
TeX 2.9/fonts/type1/public/pl/plsy6.pfb><C:/Users/Nitrox/AppData/Local/Programs
/MiKTeX 2.9/fonts/type1/public/pl/plsy7.pfb><C:/Users/Nitrox/AppData/Local/Prog
rams/MiKTeX 2.9/fonts/type1/public/pl/plsy8.pfb><C:/Users/Nitrox/AppData/Local/
Programs/MiKTeX 2.9/fonts/type1/public/pl/plti10.pfb><C:/Users/Nitrox/AppData/L
ocal/Programs/MiKTeX 2.9/fonts/type1/public/pl/pltt10.pfb><C:/Users/Nitrox/AppD
ata/Local/Programs/MiKTeX 2.9/fonts/type1/public/pl/pltt12.pfb><C:/Users/Nitrox
/AppData/Local/Programs/MiKTeX 2.9/fonts/type1/public/pl/pltt9.pfb>
Output written on sprawozdanie_szablon.pdf (29 pages, 384132 bytes).
PDF statistics:
 295 PDF objects out of 1000 (max. 8388607)
 0 named destinations out of 1000 (max. 500000)
 43 words of extra memory for PDF output out of 10000 (max. 10000000)

